{"C:\\Users\\Shivam\\RelevelUnac\\Relevel-Unacademy\\Batch-3\\Revision\\Ecomm\\config\\db.config.js": {"path":"C:\\Users\\Shivam\\RelevelUnac\\Relevel-Unacademy\\Batch-3\\Revision\\Ecomm\\config\\db.config.js","statementMap":{"0":{"start":{"line":5,"column":0},"end":{"line":17,"column":2}}},"fnMap":{},"branchMap":{},"s":{"0":2},"f":{},"b":{},"_coverageSchema":"1a1c01bbd47fc00a2c39e90264f33305004495a9","hash":"672c14759d6cb0fbcfc97df95c6248b6641f175d"}
,"C:\\Users\\Shivam\\RelevelUnac\\Relevel-Unacademy\\Batch-3\\Revision\\Ecomm\\config\\secret.js": {"path":"C:\\Users\\Shivam\\RelevelUnac\\Relevel-Unacademy\\Batch-3\\Revision\\Ecomm\\config\\secret.js","statementMap":{"0":{"start":{"line":1,"column":0},"end":{"line":3,"column":1}}},"fnMap":{},"branchMap":{},"s":{"0":1},"f":{},"b":{},"_coverageSchema":"1a1c01bbd47fc00a2c39e90264f33305004495a9","hash":"2df1e88b742dad6cf4e336eb36953cb72f08e577"}
,"C:\\Users\\Shivam\\RelevelUnac\\Relevel-Unacademy\\Batch-3\\Revision\\Ecomm\\controller\\auth.controller.js": {"path":"C:\\Users\\Shivam\\RelevelUnac\\Relevel-Unacademy\\Batch-3\\Revision\\Ecomm\\controller\\auth.controller.js","statementMap":{"0":{"start":{"line":5,"column":15},"end":{"line":5,"column":34}},"1":{"start":{"line":6,"column":35},"end":{"line":6,"column":54}},"2":{"start":{"line":7,"column":11},"end":{"line":7,"column":23}},"3":{"start":{"line":8,"column":12},"end":{"line":8,"column":35}},"4":{"start":{"line":9,"column":19},"end":{"line":9,"column":46}},"5":{"start":{"line":10,"column":0},"end":{"line":67,"column":1}},"6":{"start":{"line":14,"column":20},"end":{"line":18,"column":5}},"7":{"start":{"line":19,"column":4},"end":{"line":66,"column":5}},"8":{"start":{"line":20,"column":28},"end":{"line":20,"column":54}},"9":{"start":{"line":22,"column":8},"end":{"line":60,"column":9}},"10":{"start":{"line":24,"column":26},"end":{"line":30,"column":14}},"11":{"start":{"line":33,"column":12},"end":{"line":33,"column":46}},"12":{"start":{"line":34,"column":12},"end":{"line":34,"column":53}},"13":{"start":{"line":35,"column":12},"end":{"line":37,"column":15}},"14":{"start":{"line":55,"column":12},"end":{"line":55,"column":44}},"15":{"start":{"line":56,"column":12},"end":{"line":56,"column":53}},"16":{"start":{"line":57,"column":12},"end":{"line":59,"column":15}},"17":{"start":{"line":62,"column":8},"end":{"line":62,"column":58}},"18":{"start":{"line":63,"column":8},"end":{"line":65,"column":11}},"19":{"start":{"line":73,"column":0},"end":{"line":107,"column":2}},"20":{"start":{"line":74,"column":4},"end":{"line":106,"column":5}},"21":{"start":{"line":76,"column":21},"end":{"line":76,"column":75}},"22":{"start":{"line":78,"column":23},"end":{"line":78,"column":76}},"23":{"start":{"line":79,"column":8},"end":{"line":85,"column":9}},"24":{"start":{"line":80,"column":12},"end":{"line":80,"column":44}},"25":{"start":{"line":81,"column":12},"end":{"line":83,"column":15}},"26":{"start":{"line":84,"column":12},"end":{"line":84,"column":19}},"27":{"start":{"line":87,"column":22},"end":{"line":87,"column":71}},"28":{"start":{"line":89,"column":22},"end":{"line":89,"column":43}},"29":{"start":{"line":90,"column":28},"end":{"line":90,"column":30}},"30":{"start":{"line":91,"column":8},"end":{"line":93,"column":9}},"31":{"start":{"line":92,"column":12},"end":{"line":92,"column":59}},"32":{"start":{"line":94,"column":8},"end":{"line":100,"column":11}},"33":{"start":{"line":102,"column":8},"end":{"line":102,"column":49}},"34":{"start":{"line":103,"column":8},"end":{"line":105,"column":11}}},"fnMap":{"0":{"name":"(anonymous_0)","decl":{"start":{"line":10,"column":17},"end":{"line":10,"column":18}},"loc":{"start":{"line":10,"column":34},"end":{"line":67,"column":1}},"line":10},"1":{"name":"(anonymous_1)","decl":{"start":{"line":73,"column":17},"end":{"line":73,"column":18}},"loc":{"start":{"line":73,"column":34},"end":{"line":107,"column":1}},"line":73}},"branchMap":{"0":{"loc":{"start":{"line":22,"column":8},"end":{"line":60,"column":9}},"type":"if","locations":[{"start":{"line":22,"column":8},"end":{"line":60,"column":9}},{"start":{"line":38,"column":13},"end":{"line":60,"column":9}}],"line":22},"1":{"loc":{"start":{"line":22,"column":11},"end":{"line":22,"column":54}},"type":"binary-expr","locations":[{"start":{"line":22,"column":11},"end":{"line":22,"column":25}},{"start":{"line":22,"column":29},"end":{"line":22,"column":54}}],"line":22},"2":{"loc":{"start":{"line":64,"column":22},"end":{"line":64,"column":58}},"type":"binary-expr","locations":[{"start":{"line":64,"column":22},"end":{"line":64,"column":33}},{"start":{"line":64,"column":37},"end":{"line":64,"column":58}}],"line":64},"3":{"loc":{"start":{"line":79,"column":8},"end":{"line":85,"column":9}},"type":"if","locations":[{"start":{"line":79,"column":8},"end":{"line":85,"column":9}},{"start":{},"end":{}}],"line":79},"4":{"loc":{"start":{"line":104,"column":22},"end":{"line":104,"column":53}},"type":"binary-expr","locations":[{"start":{"line":104,"column":22},"end":{"line":104,"column":33}},{"start":{"line":104,"column":37},"end":{"line":104,"column":53}}],"line":104}},"s":{"0":1,"1":1,"2":1,"3":1,"4":1,"5":1,"6":3,"7":3,"8":3,"9":2,"10":1,"11":1,"12":1,"13":1,"14":1,"15":1,"16":1,"17":1,"18":1,"19":1,"20":3,"21":3,"22":2,"23":2,"24":1,"25":1,"26":1,"27":1,"28":1,"29":1,"30":1,"31":2,"32":1,"33":1,"34":1},"f":{"0":3,"1":3},"b":{"0":[1,1],"1":[2,1],"2":[1,1],"3":[1,1],"4":[1,0]},"_coverageSchema":"1a1c01bbd47fc00a2c39e90264f33305004495a9","hash":"5d0ac29e198563e644c943e7f29982fab7f148ab"}
,"C:\\Users\\Shivam\\RelevelUnac\\Relevel-Unacademy\\Batch-3\\Revision\\Ecomm\\controller\\category.controller.js": {"path":"C:\\Users\\Shivam\\RelevelUnac\\Relevel-Unacademy\\Batch-3\\Revision\\Ecomm\\controller\\category.controller.js","statementMap":{"0":{"start":{"line":5,"column":30},"end":{"line":5,"column":49}},"1":{"start":{"line":6,"column":22},"end":{"line":6,"column":41}},"2":{"start":{"line":7,"column":11},"end":{"line":7,"column":23}},"3":{"start":{"line":12,"column":0},"end":{"line":28,"column":2}},"4":{"start":{"line":13,"column":24},"end":{"line":16,"column":5}},"5":{"start":{"line":18,"column":4},"end":{"line":27,"column":5}},"6":{"start":{"line":19,"column":25},"end":{"line":19,"column":59}},"7":{"start":{"line":20,"column":8},"end":{"line":20,"column":70}},"8":{"start":{"line":21,"column":8},"end":{"line":21,"column":39}},"9":{"start":{"line":23,"column":8},"end":{"line":23,"column":58}},"10":{"start":{"line":24,"column":8},"end":{"line":26,"column":11}},"11":{"start":{"line":34,"column":0},"end":{"line":72,"column":2}},"12":{"start":{"line":42,"column":25},"end":{"line":42,"column":39}},"13":{"start":{"line":45,"column":4},"end":{"line":71,"column":5}},"14":{"start":{"line":46,"column":8},"end":{"line":58,"column":9}},"15":{"start":{"line":50,"column":12},"end":{"line":52,"column":15}},"16":{"start":{"line":57,"column":12},"end":{"line":57,"column":50}},"17":{"start":{"line":64,"column":8},"end":{"line":64,"column":57}},"18":{"start":{"line":65,"column":8},"end":{"line":65,"column":41}},"19":{"start":{"line":67,"column":8},"end":{"line":67,"column":60}},"20":{"start":{"line":68,"column":8},"end":{"line":70,"column":11}},"21":{"start":{"line":78,"column":0},"end":{"line":90,"column":1}},"22":{"start":{"line":79,"column":23},"end":{"line":79,"column":36}},"23":{"start":{"line":80,"column":4},"end":{"line":89,"column":5}},"24":{"start":{"line":81,"column":25},"end":{"line":81,"column":60}},"25":{"start":{"line":82,"column":8},"end":{"line":82,"column":76}},"26":{"start":{"line":83,"column":8},"end":{"line":83,"column":39}},"27":{"start":{"line":85,"column":8},"end":{"line":85,"column":60}},"28":{"start":{"line":86,"column":8},"end":{"line":88,"column":11}},"29":{"start":{"line":96,"column":0},"end":{"line":129,"column":2}},"30":{"start":{"line":99,"column":23},"end":{"line":99,"column":36}},"31":{"start":{"line":103,"column":24},"end":{"line":106,"column":5}},"32":{"start":{"line":109,"column":4},"end":{"line":128,"column":6}},"33":{"start":{"line":119,"column":8},"end":{"line":119,"column":45}},"34":{"start":{"line":121,"column":8},"end":{"line":121,"column":77}},"35":{"start":{"line":122,"column":8},"end":{"line":122,"column":39}},"36":{"start":{"line":124,"column":8},"end":{"line":124,"column":57}},"37":{"start":{"line":125,"column":8},"end":{"line":127,"column":11}},"38":{"start":{"line":135,"column":0},"end":{"line":163,"column":2}},"39":{"start":{"line":137,"column":23},"end":{"line":137,"column":36}},"40":{"start":{"line":138,"column":4},"end":{"line":162,"column":5}},"41":{"start":{"line":140,"column":8},"end":{"line":144,"column":11}},"42":{"start":{"line":147,"column":23},"end":{"line":149,"column":10}},"43":{"start":{"line":154,"column":8},"end":{"line":156,"column":11}},"44":{"start":{"line":158,"column":8},"end":{"line":158,"column":57}},"45":{"start":{"line":159,"column":8},"end":{"line":161,"column":11}}},"fnMap":{"0":{"name":"(anonymous_0)","decl":{"start":{"line":12,"column":17},"end":{"line":12,"column":18}},"loc":{"start":{"line":12,"column":34},"end":{"line":28,"column":1}},"line":12},"1":{"name":"(anonymous_1)","decl":{"start":{"line":34,"column":18},"end":{"line":34,"column":19}},"loc":{"start":{"line":34,"column":35},"end":{"line":72,"column":1}},"line":34},"2":{"name":"(anonymous_2)","decl":{"start":{"line":78,"column":18},"end":{"line":78,"column":19}},"loc":{"start":{"line":78,"column":35},"end":{"line":90,"column":1}},"line":78},"3":{"name":"(anonymous_3)","decl":{"start":{"line":96,"column":17},"end":{"line":96,"column":18}},"loc":{"start":{"line":96,"column":28},"end":{"line":129,"column":1}},"line":96},"4":{"name":"(anonymous_4)","decl":{"start":{"line":112,"column":12},"end":{"line":112,"column":13}},"loc":{"start":{"line":112,"column":29},"end":{"line":120,"column":5}},"line":112},"5":{"name":"(anonymous_5)","decl":{"start":{"line":120,"column":12},"end":{"line":120,"column":13}},"loc":{"start":{"line":120,"column":22},"end":{"line":123,"column":5}},"line":120},"6":{"name":"(anonymous_6)","decl":{"start":{"line":123,"column":13},"end":{"line":123,"column":14}},"loc":{"start":{"line":123,"column":18},"end":{"line":128,"column":5}},"line":123},"7":{"name":"(anonymous_7)","decl":{"start":{"line":135,"column":18},"end":{"line":135,"column":19}},"loc":{"start":{"line":135,"column":35},"end":{"line":163,"column":1}},"line":135}},"branchMap":{"0":{"loc":{"start":{"line":25,"column":22},"end":{"line":25,"column":65}},"type":"binary-expr","locations":[{"start":{"line":25,"column":22},"end":{"line":25,"column":33}},{"start":{"line":25,"column":37},"end":{"line":25,"column":65}}],"line":25},"1":{"loc":{"start":{"line":46,"column":8},"end":{"line":58,"column":9}},"type":"if","locations":[{"start":{"line":46,"column":8},"end":{"line":58,"column":9}},{"start":{"line":53,"column":13},"end":{"line":58,"column":9}}],"line":46},"2":{"loc":{"start":{"line":69,"column":22},"end":{"line":69,"column":65}},"type":"binary-expr","locations":[{"start":{"line":69,"column":22},"end":{"line":69,"column":33}},{"start":{"line":69,"column":37},"end":{"line":69,"column":65}}],"line":69},"3":{"loc":{"start":{"line":87,"column":22},"end":{"line":87,"column":62}},"type":"binary-expr","locations":[{"start":{"line":87,"column":22},"end":{"line":87,"column":30}},{"start":{"line":87,"column":34},"end":{"line":87,"column":62}}],"line":87},"4":{"loc":{"start":{"line":126,"column":22},"end":{"line":126,"column":55}},"type":"binary-expr","locations":[{"start":{"line":126,"column":22},"end":{"line":126,"column":30}},{"start":{"line":126,"column":34},"end":{"line":126,"column":55}}],"line":126},"5":{"loc":{"start":{"line":160,"column":22},"end":{"line":160,"column":55}},"type":"binary-expr","locations":[{"start":{"line":160,"column":22},"end":{"line":160,"column":30}},{"start":{"line":160,"column":34},"end":{"line":160,"column":55}}],"line":160}},"s":{"0":1,"1":1,"2":1,"3":1,"4":2,"5":2,"6":2,"7":1,"8":1,"9":1,"10":1,"11":1,"12":3,"13":3,"14":3,"15":1,"16":2,"17":2,"18":2,"19":1,"20":1,"21":1,"22":0,"23":0,"24":0,"25":0,"26":0,"27":0,"28":0,"29":1,"30":0,"31":0,"32":0,"33":0,"34":0,"35":0,"36":0,"37":0,"38":1,"39":0,"40":0,"41":0,"42":0,"43":0,"44":0,"45":0},"f":{"0":2,"1":3,"2":0,"3":0,"4":0,"5":0,"6":0,"7":0},"b":{"0":[1,1],"1":[1,2],"2":[1,0],"3":[0,0],"4":[0,0],"5":[0,0]},"_coverageSchema":"1a1c01bbd47fc00a2c39e90264f33305004495a9","hash":"0e6a48552f57742bb3521ea0d454b58d5287c528"}
,"C:\\Users\\Shivam\\RelevelUnac\\Relevel-Unacademy\\Batch-3\\Revision\\Ecomm\\model\\cart.model.js": {"path":"C:\\Users\\Shivam\\RelevelUnac\\Relevel-Unacademy\\Batch-3\\Revision\\Ecomm\\model\\cart.model.js","statementMap":{"0":{"start":{"line":5,"column":0},"end":{"line":17,"column":1}},"1":{"start":{"line":6,"column":17},"end":{"line":15,"column":6}},"2":{"start":{"line":16,"column":4},"end":{"line":16,"column":16}}},"fnMap":{"0":{"name":"(anonymous_0)","decl":{"start":{"line":5,"column":17},"end":{"line":5,"column":18}},"loc":{"start":{"line":5,"column":40},"end":{"line":17,"column":1}},"line":5}},"branchMap":{},"s":{"0":2,"1":2,"2":2},"f":{"0":2},"b":{},"_coverageSchema":"1a1c01bbd47fc00a2c39e90264f33305004495a9","hash":"81b1986c74e44f7700b91b6b8dc9c0527461be6e"}
,"C:\\Users\\Shivam\\RelevelUnac\\Relevel-Unacademy\\Batch-3\\Revision\\Ecomm\\model\\category.model.js": {"path":"C:\\Users\\Shivam\\RelevelUnac\\Relevel-Unacademy\\Batch-3\\Revision\\Ecomm\\model\\category.model.js","statementMap":{"0":{"start":{"line":5,"column":0},"end":{"line":24,"column":1}},"1":{"start":{"line":6,"column":21},"end":{"line":22,"column":6}},"2":{"start":{"line":23,"column":4},"end":{"line":23,"column":20}}},"fnMap":{"0":{"name":"(anonymous_0)","decl":{"start":{"line":5,"column":17},"end":{"line":5,"column":18}},"loc":{"start":{"line":5,"column":40},"end":{"line":24,"column":1}},"line":5}},"branchMap":{},"s":{"0":2,"1":2,"2":2},"f":{"0":2},"b":{},"_coverageSchema":"1a1c01bbd47fc00a2c39e90264f33305004495a9","hash":"ecaa6d4ab4970a5bf8a7b21f746334ed8549edc9"}
,"C:\\Users\\Shivam\\RelevelUnac\\Relevel-Unacademy\\Batch-3\\Revision\\Ecomm\\model\\index.js": {"path":"C:\\Users\\Shivam\\RelevelUnac\\Relevel-Unacademy\\Batch-3\\Revision\\Ecomm\\model\\index.js","statementMap":{"0":{"start":{"line":6,"column":18},"end":{"line":6,"column":38}},"1":{"start":{"line":7,"column":17},"end":{"line":7,"column":47}},"2":{"start":{"line":8,"column":18},"end":{"line":22,"column":1}},"3":{"start":{"line":24,"column":9},"end":{"line":24,"column":11}},"4":{"start":{"line":30,"column":0},"end":{"line":30,"column":25}},"5":{"start":{"line":31,"column":0},"end":{"line":31,"column":25}},"6":{"start":{"line":37,"column":0},"end":{"line":37,"column":63}},"7":{"start":{"line":43,"column":0},"end":{"line":43,"column":61}},"8":{"start":{"line":50,"column":0},"end":{"line":50,"column":32}},"9":{"start":{"line":56,"column":0},"end":{"line":56,"column":55}},"10":{"start":{"line":62,"column":0},"end":{"line":62,"column":55}},"11":{"start":{"line":69,"column":0},"end":{"line":69,"column":55}},"12":{"start":{"line":75,"column":0},"end":{"line":79,"column":3}},"13":{"start":{"line":81,"column":0},"end":{"line":85,"column":3}},"14":{"start":{"line":91,"column":0},"end":{"line":95,"column":3}},"15":{"start":{"line":98,"column":0},"end":{"line":102,"column":3}},"16":{"start":{"line":108,"column":0},"end":{"line":108,"column":25}},"17":{"start":{"line":114,"column":0},"end":{"line":114,"column":32}},"18":{"start":{"line":117,"column":0},"end":{"line":117,"column":20}}},"fnMap":{},"branchMap":{},"s":{"0":2,"1":2,"2":2,"3":2,"4":2,"5":2,"6":2,"7":2,"8":2,"9":2,"10":2,"11":2,"12":2,"13":2,"14":2,"15":2,"16":2,"17":2,"18":2},"f":{},"b":{},"_coverageSchema":"1a1c01bbd47fc00a2c39e90264f33305004495a9","hash":"75e4b5d4f6d80b54991e1aa5cfb5bc854a570b61"}
,"C:\\Users\\Shivam\\RelevelUnac\\Relevel-Unacademy\\Batch-3\\Revision\\Ecomm\\model\\product.model.js": {"path":"C:\\Users\\Shivam\\RelevelUnac\\Relevel-Unacademy\\Batch-3\\Revision\\Ecomm\\model\\product.model.js","statementMap":{"0":{"start":{"line":5,"column":0},"end":{"line":26,"column":2}},"1":{"start":{"line":6,"column":20},"end":{"line":24,"column":6}},"2":{"start":{"line":25,"column":4},"end":{"line":25,"column":19}}},"fnMap":{"0":{"name":"(anonymous_0)","decl":{"start":{"line":5,"column":17},"end":{"line":5,"column":18}},"loc":{"start":{"line":5,"column":40},"end":{"line":26,"column":1}},"line":5}},"branchMap":{},"s":{"0":2,"1":2,"2":2},"f":{"0":2},"b":{},"_coverageSchema":"1a1c01bbd47fc00a2c39e90264f33305004495a9","hash":"c1be1e71cafbef39c5b1e3383462ab32dfbdc1dd"}
,"C:\\Users\\Shivam\\RelevelUnac\\Relevel-Unacademy\\Batch-3\\Revision\\Ecomm\\model\\role.model.js": {"path":"C:\\Users\\Shivam\\RelevelUnac\\Relevel-Unacademy\\Batch-3\\Revision\\Ecomm\\model\\role.model.js","statementMap":{"0":{"start":{"line":5,"column":0},"end":{"line":13,"column":2}},"1":{"start":{"line":6,"column":17},"end":{"line":11,"column":6}},"2":{"start":{"line":12,"column":4},"end":{"line":12,"column":16}}},"fnMap":{"0":{"name":"(anonymous_0)","decl":{"start":{"line":5,"column":17},"end":{"line":5,"column":18}},"loc":{"start":{"line":5,"column":40},"end":{"line":13,"column":1}},"line":5}},"branchMap":{},"s":{"0":2,"1":2,"2":2},"f":{"0":2},"b":{},"_coverageSchema":"1a1c01bbd47fc00a2c39e90264f33305004495a9","hash":"88b51e4be3c54349b19999640aa00973587de6be"}
,"C:\\Users\\Shivam\\RelevelUnac\\Relevel-Unacademy\\Batch-3\\Revision\\Ecomm\\model\\user.model.js": {"path":"C:\\Users\\Shivam\\RelevelUnac\\Relevel-Unacademy\\Batch-3\\Revision\\Ecomm\\model\\user.model.js","statementMap":{"0":{"start":{"line":5,"column":0},"end":{"line":21,"column":2}},"1":{"start":{"line":6,"column":17},"end":{"line":19,"column":6}},"2":{"start":{"line":20,"column":4},"end":{"line":20,"column":16}}},"fnMap":{"0":{"name":"(anonymous_0)","decl":{"start":{"line":5,"column":17},"end":{"line":5,"column":18}},"loc":{"start":{"line":5,"column":40},"end":{"line":21,"column":1}},"line":5}},"branchMap":{},"s":{"0":2,"1":2,"2":2},"f":{"0":2},"b":{},"_coverageSchema":"1a1c01bbd47fc00a2c39e90264f33305004495a9","hash":"cec50f0d2f89f73d010a669c63c772870d0df0e0"}
,"C:\\Users\\Shivam\\RelevelUnac\\Relevel-Unacademy\\Batch-3\\Revision\\Ecomm\\tests\\unitTests\\interceptor.js": {"path":"C:\\Users\\Shivam\\RelevelUnac\\Relevel-Unacademy\\Batch-3\\Revision\\Ecomm\\tests\\unitTests\\interceptor.js","statementMap":{"0":{"start":{"line":5,"column":0},"end":{"line":25,"column":1}},"1":{"start":{"line":10,"column":20},"end":{"line":10,"column":22}},"2":{"start":{"line":11,"column":8},"end":{"line":11,"column":50}},"3":{"start":{"line":12,"column":8},"end":{"line":12,"column":52}},"4":{"start":{"line":13,"column":8},"end":{"line":13,"column":51}},"5":{"start":{"line":14,"column":8},"end":{"line":14,"column":19}},"6":{"start":{"line":20,"column":20},"end":{"line":20,"column":22}},"7":{"start":{"line":21,"column":8},"end":{"line":21,"column":52}},"8":{"start":{"line":22,"column":8},"end":{"line":22,"column":50}},"9":{"start":{"line":23,"column":8},"end":{"line":23,"column":19}}},"fnMap":{"0":{"name":"(anonymous_0)","decl":{"start":{"line":9,"column":18},"end":{"line":9,"column":19}},"loc":{"start":{"line":9,"column":22},"end":{"line":15,"column":5}},"line":9},"1":{"name":"(anonymous_1)","decl":{"start":{"line":19,"column":19},"end":{"line":19,"column":20}},"loc":{"start":{"line":19,"column":23},"end":{"line":24,"column":5}},"line":19}},"branchMap":{},"s":{"0":2,"1":11,"2":11,"3":11,"4":11,"5":11,"6":11,"7":11,"8":11,"9":11},"f":{"0":11,"1":11},"b":{},"_coverageSchema":"1a1c01bbd47fc00a2c39e90264f33305004495a9","hash":"bbe06e20ef239817e0dee2732245d9d127253b8d"}
}
