TN:
SF:config\db.config.js
FNF:0
FNH:0
DA:5,2
LF:1
LH:1
BRF:0
BRH:0
end_of_record
TN:
SF:config\secret.js
FNF:0
FNH:0
DA:1,1
LF:1
LH:1
BRF:0
BRH:0
end_of_record
TN:
SF:controller\auth.controller.js
FN:10,(anonymous_0)
FN:73,(anonymous_1)
FNF:2
FNH:2
FNDA:3,(anonymous_0)
FNDA:3,(anonymous_1)
DA:5,1
DA:6,1
DA:7,1
DA:8,1
DA:9,1
DA:10,1
DA:14,3
DA:19,3
DA:20,3
DA:22,2
DA:24,1
DA:33,1
DA:34,1
DA:35,1
DA:55,1
DA:56,1
DA:57,1
DA:62,1
DA:63,1
DA:73,1
DA:74,3
DA:76,3
DA:78,2
DA:79,2
DA:80,1
DA:81,1
DA:84,1
DA:87,1
DA:89,1
DA:90,1
DA:91,1
DA:92,2
DA:94,1
DA:102,1
DA:103,1
LF:35
LH:35
BRDA:22,0,0,1
BRDA:22,0,1,1
BRDA:22,1,0,2
BRDA:22,1,1,1
BRDA:64,2,0,1
BRDA:64,2,1,1
BRDA:79,3,0,1
BRDA:79,3,1,1
BRDA:104,4,0,1
BRDA:104,4,1,0
BRF:10
BRH:9
end_of_record
TN:
SF:controller\category.controller.js
FN:12,(anonymous_0)
FN:34,(anonymous_1)
FN:78,(anonymous_2)
FN:96,(anonymous_3)
FN:112,(anonymous_4)
FN:120,(anonymous_5)
FN:123,(anonymous_6)
FN:135,(anonymous_7)
FNF:8
FNH:2
FNDA:2,(anonymous_0)
FNDA:3,(anonymous_1)
FNDA:0,(anonymous_2)
FNDA:0,(anonymous_3)
FNDA:0,(anonymous_4)
FNDA:0,(anonymous_5)
FNDA:0,(anonymous_6)
FNDA:0,(anonymous_7)
DA:5,1
DA:6,1
DA:7,1
DA:12,1
DA:13,2
DA:18,2
DA:19,2
DA:20,1
DA:21,1
DA:23,1
DA:24,1
DA:34,1
DA:42,3
DA:45,3
DA:46,3
DA:50,1
DA:57,2
DA:64,2
DA:65,2
DA:67,1
DA:68,1
DA:78,1
DA:79,0
DA:80,0
DA:81,0
DA:82,0
DA:83,0
DA:85,0
DA:86,0
DA:96,1
DA:99,0
DA:103,0
DA:109,0
DA:119,0
DA:121,0
DA:122,0
DA:124,0
DA:125,0
DA:135,1
DA:137,0
DA:138,0
DA:140,0
DA:147,0
DA:154,0
DA:158,0
DA:159,0
LF:46
LH:24
BRDA:25,0,0,1
BRDA:25,0,1,1
BRDA:46,1,0,1
BRDA:46,1,1,2
BRDA:69,2,0,1
BRDA:69,2,1,0
BRDA:87,3,0,0
BRDA:87,3,1,0
BRDA:126,4,0,0
BRDA:126,4,1,0
BRDA:160,5,0,0
BRDA:160,5,1,0
BRF:12
BRH:5
end_of_record
TN:
SF:model\cart.model.js
FN:5,(anonymous_0)
FNF:1
FNH:1
FNDA:2,(anonymous_0)
DA:5,2
DA:6,2
DA:16,2
LF:3
LH:3
BRF:0
BRH:0
end_of_record
TN:
SF:model\category.model.js
FN:5,(anonymous_0)
FNF:1
FNH:1
FNDA:2,(anonymous_0)
DA:5,2
DA:6,2
DA:23,2
LF:3
LH:3
BRF:0
BRH:0
end_of_record
TN:
SF:model\index.js
FNF:0
FNH:0
DA:6,2
DA:7,2
DA:8,2
DA:24,2
DA:30,2
DA:31,2
DA:37,2
DA:43,2
DA:50,2
DA:56,2
DA:62,2
DA:69,2
DA:75,2
DA:81,2
DA:91,2
DA:98,2
DA:108,2
DA:114,2
DA:117,2
LF:19
LH:19
BRF:0
BRH:0
end_of_record
TN:
SF:model\product.model.js
FN:5,(anonymous_0)
FNF:1
FNH:1
FNDA:2,(anonymous_0)
DA:5,2
DA:6,2
DA:25,2
LF:3
LH:3
BRF:0
BRH:0
end_of_record
TN:
SF:model\role.model.js
FN:5,(anonymous_0)
FNF:1
FNH:1
FNDA:2,(anonymous_0)
DA:5,2
DA:6,2
DA:12,2
LF:3
LH:3
BRF:0
BRH:0
end_of_record
TN:
SF:model\user.model.js
FN:5,(anonymous_0)
FNF:1
FNH:1
FNDA:2,(anonymous_0)
DA:5,2
DA:6,2
DA:20,2
LF:3
LH:3
BRF:0
BRH:0
end_of_record
TN:
SF:tests\unitTests\interceptor.js
FN:9,(anonymous_0)
FN:19,(anonymous_1)
FNF:2
FNH:2
FNDA:11,(anonymous_0)
FNDA:11,(anonymous_1)
DA:5,2
DA:10,11
DA:11,11
DA:12,11
DA:13,11
DA:14,11
DA:20,11
DA:21,11
DA:22,11
DA:23,11
LF:10
LH:10
BRF:0
BRH:0
end_of_record
